<?xml version="1.0" encoding="UTF-8"?>
<!-- Generated by org.testng.reporters.JUnitReportReporter -->
<testsuite skipped="0" hostname="Hp" name="basics.Broken_Links_test" tests="1" failures="0" timestamp="03 Apr 2018 09:25:01 GMT" time="69.303" errors="0">
  <testcase name="brokenlinks" time="69.303" classname="basics.Broken_Links_test"/>
</testsuite> <!-- basics.Broken_Links_test -->
