<?xml version="1.0" encoding="UTF-8"?>
<!-- Generated by org.testng.reporters.JUnitReportReporter -->
<testsuite skipped="0" hostname="Hp" name="basics.CheckBox" tests="1" failures="0" timestamp="06 Jan 2018 09:37:17 GMT" time="26.276" errors="0">
  <testcase name="Checkbox" time="26.276" classname="basics.CheckBox"/>
</testsuite> <!-- basics.CheckBox -->
