<?xml version="1.0" encoding="UTF-8"?>
<!-- Generated by org.testng.reporters.JUnitReportReporter -->
<testsuite skipped="0" hostname="Hp" name="testNG_basics.Sample_Test" tests="6" failures="0" timestamp="15 Jan 2018 12:04:18 GMT" time="13.854" errors="0">
  <testcase name="sample_test5" time="0.015" classname="testNG_basics.Sample_Test"/>
  <testcase name="browser" time="13.824" classname="testNG_basics.Sample_Test"/>
  <testcase name="sample_test2" time="0.000" classname="testNG_basics.Sample_Test"/>
  <testcase name="sample_test" time="0.015" classname="testNG_basics.Sample_Test"/>
  <testcase name="sample_test3" time="0.000" classname="testNG_basics.Sample_Test"/>
  <testcase name="sample_test4" time="0.000" classname="testNG_basics.Sample_Test"/>
</testsuite> <!-- testNG_basics.Sample_Test -->
