<?xml version="1.0" encoding="UTF-8"?>
<!-- Generated by org.testng.reporters.JUnitReportReporter -->
<testsuite skipped="0" hostname="Hp" name="demoSite_practise.Radio_btn" tests="1" failures="0" timestamp="10 Feb 2018 15:02:50 GMT" time="28.929" errors="0">
  <testcase name="Radio" time="28.929" classname="demoSite_practise.Radio_btn"/>
</testsuite> <!-- demoSite_practise.Radio_btn -->
