<?xml version="1.0" encoding="UTF-8"?>
<!-- Generated by org.testng.reporters.JUnitReportReporter -->
<testsuite skipped="0" hostname="Hp" name="basics.Launch_url_in_firefox" tests="1" failures="0" timestamp="05 Jan 2018 07:53:31 GMT" time="44.396" errors="0">
  <testcase name="open_firefox" time="44.396" classname="basics.Launch_url_in_firefox"/>
</testsuite> <!-- basics.Launch_url_in_firefox -->
