<?xml version="1.0" encoding="UTF-8"?>
<!-- Generated by org.testng.reporters.JUnitReportReporter -->
<testsuite skipped="0" hostname="Hp" name="basics.Broken_Links_test" tests="1" failures="0" timestamp="08 Feb 2018 10:27:49 GMT" time="82.695" errors="0">
  <testcase name="brokenlinks" time="82.695" classname="basics.Broken_Links_test"/>
</testsuite> <!-- basics.Broken_Links_test -->
