<?xml version="1.0" encoding="UTF-8"?>
<!-- Generated by org.testng.reporters.JUnitReportReporter -->
<testsuite skipped="0" hostname="Hp" name="basics.Links_validation" tests="1" failures="0" timestamp="13 Jan 2018 14:28:35 GMT" time="41.296" errors="0">
  <testcase name="Links" time="41.296" classname="basics.Links_validation"/>
</testsuite> <!-- basics.Links_validation -->
