<?xml version="1.0" encoding="UTF-8"?>
<!-- Generated by org.testng.reporters.JUnitReportReporter -->
<testsuite skipped="0" hostname="Hp" name="basics.Width_height" tests="1" failures="0" timestamp="15 Jan 2018 11:02:26 GMT" time="54.225" errors="0">
  <testcase name="width_and_height" time="54.225" classname="basics.Width_height"/>
</testsuite> <!-- basics.Width_height -->
