<?xml version="1.0" encoding="UTF-8"?>
<!-- Generated by org.testng.reporters.JUnitReportReporter -->
<testsuite skipped="0" hostname="Hp" name="basics.SendkeysMethod" tests="1" failures="0" timestamp="06 Jan 2018 11:15:54 GMT" time="14.062" errors="0">
  <testcase name="Send_data_int_textBox" time="14.062" classname="basics.SendkeysMethod"/>
</testsuite> <!-- basics.SendkeysMethod -->
