<?xml version="1.0" encoding="UTF-8"?>
<!-- Generated by org.testng.reporters.JUnitReportReporter -->
<testsuite skipped="0" hostname="Hp" name="demoSite_practise.Total_page" tests="3" failures="0" timestamp="10 Feb 2018 14:27:19 GMT" time="46.345" errors="0">
  <testcase name="Homepage" time="32.197" classname="demoSite_practise.Total_page"/>
  <testcase name="Radio_btn" time="7.733" classname="demoSite_practise.Total_page"/>
  <testcase name="Sendkeys" time="6.415" classname="demoSite_practise.Total_page"/>
</testsuite> <!-- demoSite_practise.Total_page -->
