<?xml version="1.0" encoding="UTF-8"?>
<!-- Generated by org.testng.reporters.JUnitReportReporter -->
<testsuite skipped="0" hostname="Hp" name="demoSite_practise.MouseHover_actions" tests="1" failures="0" timestamp="11 Feb 2018 07:07:10 GMT" time="178.006" errors="0">
  <testcase name="frame" time="178.006" classname="demoSite_practise.MouseHover_actions"/>
</testsuite> <!-- demoSite_practise.MouseHover_actions -->
