<?xml version="1.0" encoding="UTF-8"?>
<!-- Generated by org.testng.reporters.JUnitReportReporter -->
<testsuite skipped="0" hostname="Hp" name="demoSite_practise.Checkbox" tests="1" failures="0" timestamp="11 Feb 2018 06:17:57 GMT" time="24.705" errors="0">
  <testcase name="checkbox" time="24.705" classname="demoSite_practise.Checkbox"/>
</testsuite> <!-- demoSite_practise.Checkbox -->
