<?xml version="1.0" encoding="UTF-8"?>
<!-- Generated by org.testng.reporters.JUnitReportReporter -->
<testsuite skipped="0" hostname="Hp" name="basics.Dropdown_Duplicates_copy" tests="1" failures="0" timestamp="09 Apr 2018 11:56:42 GMT" time="34.593" errors="0">
  <testcase name="Dropdown" time="34.593" classname="basics.Dropdown_Duplicates_copy"/>
</testsuite> <!-- basics.Dropdown_Duplicates_copy -->
