<?xml version="1.0" encoding="UTF-8"?>
<!-- Generated by org.testng.reporters.JUnitReportReporter -->
<testsuite skipped="0" hostname="Hp" name="basics.Dynamic_dropdowns" tests="1" failures="0" timestamp="06 Jan 2018 09:05:02 GMT" time="25.577" errors="0">
  <testcase name="Dyn_dropdown" time="25.577" classname="basics.Dynamic_dropdowns"/>
</testsuite> <!-- basics.Dynamic_dropdowns -->
