<?xml version="1.0" encoding="UTF-8"?>
<!-- Generated by org.testng.reporters.JUnitReportReporter -->
<testsuite skipped="0" hostname="Hp" name="basics.Verify_pageTitle" tests="1" failures="0" timestamp="05 Jan 2018 08:10:30 GMT" time="58.978" errors="0">
  <testcase name="Verify_Title" time="58.978" classname="basics.Verify_pageTitle"/>
</testsuite> <!-- basics.Verify_pageTitle -->
