<?xml version="1.0" encoding="UTF-8"?>
<!-- Generated by org.testng.reporters.JUnitReportReporter -->
<testsuite skipped="0" hostname="Hp" name="basics.Dropdown" tests="1" failures="0" timestamp="06 Jan 2018 07:52:31 GMT" time="12.992" errors="0">
  <testcase name="dropdown" time="12.992" classname="basics.Dropdown"/>
</testsuite> <!-- basics.Dropdown -->
