<?xml version="1.0" encoding="UTF-8"?>
<!-- Generated by org.testng.reporters.JUnitReportReporter -->
<testsuite skipped="0" hostname="Hp" name="demoSite_practise.Dropdown" tests="1" failures="0" timestamp="10 Feb 2018 15:09:25 GMT" time="38.708" errors="0">
  <testcase name="dropdown" time="38.708" classname="demoSite_practise.Dropdown"/>
</testsuite> <!-- demoSite_practise.Dropdown -->
