<?xml version="1.0" encoding="UTF-8"?>
<!-- Generated by org.testng.reporters.JUnitReportReporter -->
<testsuite skipped="0" hostname="Hp" name="basics.Radio_Button" tests="1" failures="0" timestamp="06 Jan 2018 09:22:19 GMT" time="10.712" errors="0">
  <testcase name="radio_btn" time="10.712" classname="basics.Radio_Button"/>
</testsuite> <!-- basics.Radio_Button -->
