<?xml version="1.0" encoding="UTF-8"?>
<!-- Generated by org.testng.reporters.JUnitReportReporter -->
<testsuite skipped="0" hostname="Hp" name="basics.Dynamic_dropdowns" tests="1" failures="0" timestamp="09 Apr 2018 12:26:44 GMT" time="37.365" errors="0">
  <testcase name="Dyn_dropdown" time="37.365" classname="basics.Dynamic_dropdowns"/>
</testsuite> <!-- basics.Dynamic_dropdowns -->
