<?xml version="1.0" encoding="UTF-8"?>
<!-- Generated by org.testng.reporters.JUnitReportReporter -->
<testsuite skipped="0" hostname="Hp" name="basics.Actions_class" tests="1" failures="0" timestamp="28 Jan 2018 16:20:17 GMT" time="69.362" errors="0">
  <testcase name="action_class" time="69.362" classname="basics.Actions_class"/>
</testsuite> <!-- basics.Actions_class -->
