<?xml version="1.0" encoding="UTF-8"?>
<!-- Generated by org.testng.reporters.JUnitReportReporter -->
<testsuite skipped="0" hostname="Hp" name="basics.Locators" tests="1" failures="0" timestamp="15 Jan 2018 12:04:18 GMT" time="47.229" errors="0">
  <testcase name="locators" time="47.229" classname="basics.Locators"/>
</testsuite> <!-- basics.Locators -->
