<?xml version="1.0" encoding="UTF-8"?>
<!-- Generated by org.testng.reporters.JUnitReportReporter -->
<testsuite skipped="0" hostname="Hp" name="pageFactory.Fb_loginTest" tests="1" failures="0" timestamp="22 Jan 2018 17:01:55 GMT" time="89.668" errors="0">
  <testcase name="login" time="89.668" classname="pageFactory.Fb_loginTest"/>
</testsuite> <!-- pageFactory.Fb_loginTest -->
