<?xml version="1.0" encoding="UTF-8"?>
<!-- Generated by org.testng.reporters.JUnitReportReporter -->
<testsuite skipped="0" hostname="Hp" name="basics.Drag_Drop" tests="1" failures="0" timestamp="10 Jan 2018 12:36:30 GMT" time="26.268" errors="0">
  <testcase name="dran_drop" time="26.268" classname="basics.Drag_Drop"/>
</testsuite> <!-- basics.Drag_Drop -->
