<?xml version="1.0" encoding="UTF-8"?>
<!-- Generated by org.testng.reporters.JUnitReportReporter -->
<testsuite skipped="0" hostname="Hp" name="basics.CheckBox" tests="1" failures="0" timestamp="05 Apr 2018 12:13:41 GMT" time="40.678" errors="0">
  <testcase name="Checkbox" time="40.678" classname="basics.CheckBox"/>
</testsuite> <!-- basics.CheckBox -->
