<?xml version="1.0" encoding="UTF-8"?>
<!-- Generated by org.testng.reporters.JUnitReportReporter -->
<testsuite skipped="0" hostname="Hp" name="testNG_basics.SampleTest2" tests="2" failures="0" timestamp="15 Jan 2018 12:04:18 GMT" time="0.000" errors="0">
  <testcase name="sample_test" time="0.000" classname="testNG_basics.SampleTest2"/>
  <testcase name="sample_test1" time="0.000" classname="testNG_basics.SampleTest2"/>
</testsuite> <!-- testNG_basics.SampleTest2 -->
