<?xml version="1.0" encoding="UTF-8"?>
<!-- Generated by org.testng.reporters.JUnitReportReporter -->
<testsuite skipped="0" hostname="Hp" name="basics.Window_Handling" tests="1" failures="0" timestamp="10 Jan 2018 13:08:08 GMT" time="20.344" errors="0">
  <testcase name="window_handling" time="20.344" classname="basics.Window_Handling"/>
</testsuite> <!-- basics.Window_Handling -->
