<?xml version="1.0" encoding="UTF-8"?>
<!-- Generated by org.testng.reporters.JUnitReportReporter -->
<testsuite skipped="0" hostname="Hp" name="pageObjectModel.Login_Tes" tests="1" failures="0" timestamp="22 Jan 2018 13:53:46 GMT" time="47.050" errors="0">
  <testcase name="login" time="47.050" classname="pageObjectModel.Login_Tes"/>
</testsuite> <!-- pageObjectModel.Login_Tes -->
