<?xml version="1.0" encoding="UTF-8"?>
<!-- Generated by org.testng.reporters.JUnitReportReporter -->
<testsuite skipped="0" hostname="Hp" name="demoSite_practise.FileUpload" tests="1" failures="0" timestamp="10 Feb 2018 15:14:26 GMT" time="24.537" errors="0">
  <testcase name="upload_file" time="24.537" classname="demoSite_practise.FileUpload"/>
</testsuite> <!-- demoSite_practise.FileUpload -->
