<?xml version="1.0" encoding="UTF-8"?>
<!-- Generated by org.testng.reporters.JUnitReportReporter -->
<testsuite skipped="0" hostname="Hp" name="basics.GetTitle_of_page" tests="1" failures="0" timestamp="23 Feb 2018 12:04:28 GMT" time="36.334" errors="0">
  <testcase name="getTitle" time="36.334" classname="basics.GetTitle_of_page"/>
</testsuite> <!-- basics.GetTitle_of_page -->
