<?xml version="1.0" encoding="UTF-8"?>
<!-- Generated by org.testng.reporters.JUnitReportReporter -->
<testsuite skipped="0" hostname="Hp" name="basics.Handling_Alerts" tests="1" failures="0" timestamp="06 Jan 2018 11:55:28 GMT" time="17.252" errors="0">
  <testcase name="Alert_handling" time="17.252" classname="basics.Handling_Alerts"/>
</testsuite> <!-- basics.Handling_Alerts -->
